2025-06-02 18:37:37,842 - automl_codegen - INFO - None:0 - Logger initialized: automl_codegen
2025-06-02 18:37:37,843 - automl_codegen.utils.monitoring - INFO - __init__:27 - TrainingMonitor initialized (stub implementation)
2025-06-02 18:37:37,843 - automl_codegen - INFO - None:0 - Initialized evolutionary search algorithm
2025-06-02 18:37:37,844 - automl_codegen - INFO - None:0 - Population size: 50
2025-06-02 18:37:37,844 - automl_codegen - INFO - None:0 - Mutation rate: 0.1
2025-06-02 18:37:37,844 - automl_codegen - INFO - None:0 - Crossover rate: 0.8
2025-06-02 18:37:38,016 - automl_codegen - INFO - None:0 - ArchitectureTrainer initialized for image_classification on cifar10
2025-06-02 18:37:38,016 - automl_codegen - INFO - None:0 - Using device: cuda
2025-06-02 18:37:38,028 - automl_codegen.evaluation.hardware - INFO - __init__:125 - Hardware profiler initialized for device: cuda
2025-06-02 18:37:38,029 - automl_codegen.search.nas - INFO - __init__:176 - Initialized NAS for image_classification on cifar10
2025-06-02 18:37:38,029 - automl_codegen.search.nas - INFO - __init__:177 - Objectives: ['accuracy', 'latency']
2025-06-02 18:37:38,029 - automl_codegen.search.nas - INFO - __init__:178 - Algorithm: evolutionary
2025-06-02 18:37:38,029 - automl_codegen.search.nas - INFO - __init__:179 - Hardware target: gpu
2025-06-02 18:37:38,040 - automl_codegen.codegen.generators.pytorch_gen - INFO - __init__:32 - PyTorch generator initialized (optimization: 2)
2025-06-02 18:37:38,040 - automl_codegen.codegen.generator - INFO - __init__:143 - Initialized code generator for pytorch
2025-06-02 18:37:38,041 - automl_codegen.codegen.generator - INFO - __init__:144 - Optimization level: 2
2025-06-02 18:37:51,676 - automl_codegen - INFO - None:0 - Logger initialized: automl_codegen
2025-06-02 18:37:51,677 - automl_codegen.utils.monitoring - INFO - __init__:27 - TrainingMonitor initialized (stub implementation)
2025-06-02 18:37:51,677 - automl_codegen - INFO - None:0 - Initialized evolutionary search algorithm
2025-06-02 18:37:51,677 - automl_codegen - INFO - None:0 - Population size: 50
2025-06-02 18:37:51,677 - automl_codegen - INFO - None:0 - Mutation rate: 0.1
2025-06-02 18:37:51,677 - automl_codegen - INFO - None:0 - Crossover rate: 0.8
2025-06-02 18:37:51,677 - automl_codegen - INFO - None:0 - ArchitectureTrainer initialized for image_classification on cifar10
2025-06-02 18:37:51,677 - automl_codegen - INFO - None:0 - Using device: cuda
2025-06-02 18:37:51,678 - automl_codegen.evaluation.hardware - INFO - __init__:125 - Hardware profiler initialized for device: cuda
2025-06-02 18:37:51,678 - automl_codegen.search.nas - INFO - __init__:176 - Initialized NAS for image_classification on cifar10
2025-06-02 18:37:51,678 - automl_codegen.search.nas - INFO - __init__:177 - Objectives: ['accuracy', 'latency']
2025-06-02 18:37:51,680 - automl_codegen.search.nas - INFO - __init__:178 - Algorithm: evolutionary
2025-06-02 18:37:51,680 - automl_codegen.search.nas - INFO - __init__:179 - Hardware target: gpu
2025-06-02 18:37:51,682 - automl_codegen - INFO - None:0 - Logger initialized: automl_codegen
2025-06-02 18:37:51,683 - automl_codegen.utils.monitoring - INFO - __init__:27 - TrainingMonitor initialized (stub implementation)
2025-06-02 18:37:51,760 - automl_codegen - INFO - None:0 - Initialized DARTS with 8 cells, 4 nodes
2025-06-02 18:37:51,761 - automl_codegen - INFO - None:0 - ArchitectureTrainer initialized for image_classification on cifar10
2025-06-02 18:37:51,762 - automl_codegen - INFO - None:0 - Using device: cuda
2025-06-02 18:37:51,763 - automl_codegen.evaluation.hardware - INFO - __init__:125 - Hardware profiler initialized for device: cuda
2025-06-02 18:37:51,764 - automl_codegen.search.nas - INFO - __init__:176 - Initialized NAS for image_classification on cifar10
2025-06-02 18:37:51,764 - automl_codegen.search.nas - INFO - __init__:177 - Objectives: ['accuracy', 'latency']
2025-06-02 18:37:51,765 - automl_codegen.search.nas - INFO - __init__:178 - Algorithm: darts
2025-06-02 18:37:51,765 - automl_codegen.search.nas - INFO - __init__:179 - Hardware target: gpu
2025-06-02 18:37:51,766 - automl_codegen - INFO - None:0 - Logger initialized: automl_codegen
2025-06-02 18:37:51,767 - automl_codegen.utils.monitoring - INFO - __init__:27 - TrainingMonitor initialized (stub implementation)
2025-06-02 18:37:51,769 - automl_codegen - INFO - None:0 - Initialized RL-based search with controller network
2025-06-02 18:37:51,770 - automl_codegen - INFO - None:0 - ArchitectureTrainer initialized for image_classification on cifar10
2025-06-02 18:37:51,771 - automl_codegen - INFO - None:0 - Using device: cuda
2025-06-02 18:37:51,771 - automl_codegen.evaluation.hardware - INFO - __init__:125 - Hardware profiler initialized for device: cuda
2025-06-02 18:37:51,772 - automl_codegen.search.nas - INFO - __init__:176 - Initialized NAS for image_classification on cifar10
2025-06-02 18:37:51,773 - automl_codegen.search.nas - INFO - __init__:177 - Objectives: ['accuracy', 'latency']
2025-06-02 18:37:51,773 - automl_codegen.search.nas - INFO - __init__:178 - Algorithm: reinforcement
2025-06-02 18:37:51,774 - automl_codegen.search.nas - INFO - __init__:179 - Hardware target: gpu
2025-06-02 18:37:51,778 - automl_codegen.evaluation.trainer - INFO - __init__:44 - ArchitectureTrainer initialized for None on None
2025-06-02 18:37:51,779 - automl_codegen.evaluation.trainer - INFO - __init__:45 - Using device: cuda
2025-06-02 18:37:51,780 - automl_codegen - INFO - None:0 - Logger initialized: automl_codegen
2025-06-02 18:37:51,781 - automl_codegen.utils.monitoring - INFO - __init__:27 - TrainingMonitor initialized (stub implementation)
2025-06-02 18:37:51,781 - automl_codegen - INFO - None:0 - Initialized evolutionary search algorithm
2025-06-02 18:37:51,782 - automl_codegen - INFO - None:0 - Population size: 50
2025-06-02 18:37:51,783 - automl_codegen - INFO - None:0 - Mutation rate: 0.1
2025-06-02 18:37:51,784 - automl_codegen - INFO - None:0 - Crossover rate: 0.8
2025-06-02 18:37:51,784 - automl_codegen - INFO - None:0 - ArchitectureTrainer initialized for image_classification on cifar10
2025-06-02 18:37:51,785 - automl_codegen - INFO - None:0 - Using device: cuda
2025-06-02 18:37:51,786 - automl_codegen.evaluation.hardware - INFO - __init__:125 - Hardware profiler initialized for device: cuda
2025-06-02 18:37:51,786 - automl_codegen.search.nas - INFO - __init__:176 - Initialized NAS for image_classification on cifar10
2025-06-02 18:37:51,787 - automl_codegen.search.nas - INFO - __init__:177 - Objectives: ['accuracy', 'latency']
2025-06-02 18:37:51,787 - automl_codegen.search.nas - INFO - __init__:178 - Algorithm: evolutionary
2025-06-02 18:37:51,788 - automl_codegen.search.nas - INFO - __init__:179 - Hardware target: gpu
2025-06-02 18:37:51,788 - automl_codegen.codegen.generators.pytorch_gen - INFO - __init__:32 - PyTorch generator initialized (optimization: 2)
2025-06-02 18:37:51,789 - automl_codegen.codegen.generator - INFO - __init__:143 - Initialized code generator for pytorch
2025-06-02 18:37:51,790 - automl_codegen.codegen.generator - INFO - __init__:144 - Optimization level: 2
2025-06-02 18:37:51,791 - automl_codegen.codegen.generator - INFO - generate:234 - Generating pytorch code for architecture
2025-06-02 18:37:51,791 - automl_codegen.codegen.generators.pytorch_gen - INFO - generate_model:44 - Generating PyTorch model code
2025-06-02 18:37:51,792 - automl_codegen.codegen.generators.pytorch_gen - INFO - generate_model:68 - PyTorch code generation completed
2025-06-02 18:37:51,821 - automl_codegen.codegen.generator - INFO - generate:302 - Code generation completed successfully
2025-06-02 19:07:10,518 - automl_codegen - INFO - None:0 - Logger initialized: automl_codegen
2025-06-02 19:07:10,519 - automl_codegen.utils.monitoring - INFO - __init__:27 - TrainingMonitor initialized (stub implementation)
2025-06-02 19:07:10,519 - automl_codegen - INFO - None:0 - Initialized evolutionary search algorithm
2025-06-02 19:07:10,519 - automl_codegen - INFO - None:0 - Population size: 50
2025-06-02 19:07:10,519 - automl_codegen - INFO - None:0 - Mutation rate: 0.1
2025-06-02 19:07:10,519 - automl_codegen - INFO - None:0 - Crossover rate: 0.8
2025-06-02 19:07:10,520 - automl_codegen - INFO - None:0 - ArchitectureTrainer initialized for image_classification on cifar10
2025-06-02 19:07:10,520 - automl_codegen - INFO - None:0 - Using device: cuda
2025-06-02 19:07:10,520 - automl_codegen.evaluation.hardware - INFO - __init__:125 - Hardware profiler initialized for device: cuda
2025-06-02 19:07:10,520 - automl_codegen.search.nas - INFO - __init__:176 - Initialized NAS for image_classification on cifar10
2025-06-02 19:07:10,520 - automl_codegen.search.nas - INFO - __init__:177 - Objectives: ['accuracy', 'latency']
2025-06-02 19:07:10,520 - automl_codegen.search.nas - INFO - __init__:178 - Algorithm: evolutionary
2025-06-02 19:07:10,520 - automl_codegen.search.nas - INFO - __init__:179 - Hardware target: gpu
2025-06-02 19:07:10,521 - automl_codegen - INFO - None:0 - Logger initialized: automl_codegen
2025-06-02 19:07:10,521 - automl_codegen.utils.monitoring - INFO - __init__:27 - TrainingMonitor initialized (stub implementation)
2025-06-02 19:07:10,594 - automl_codegen - INFO - None:0 - Initialized DARTS with 8 cells, 4 nodes
2025-06-02 19:07:10,595 - automl_codegen - INFO - None:0 - ArchitectureTrainer initialized for image_classification on cifar10
2025-06-02 19:07:10,595 - automl_codegen - INFO - None:0 - Using device: cuda
2025-06-02 19:07:10,595 - automl_codegen.evaluation.hardware - INFO - __init__:125 - Hardware profiler initialized for device: cuda
2025-06-02 19:07:10,595 - automl_codegen.search.nas - INFO - __init__:176 - Initialized NAS for image_classification on cifar10
2025-06-02 19:07:10,595 - automl_codegen.search.nas - INFO - __init__:177 - Objectives: ['accuracy', 'latency']
2025-06-02 19:07:10,596 - automl_codegen.search.nas - INFO - __init__:178 - Algorithm: darts
2025-06-02 19:07:10,596 - automl_codegen.search.nas - INFO - __init__:179 - Hardware target: gpu
2025-06-02 19:07:10,596 - automl_codegen - INFO - None:0 - Logger initialized: automl_codegen
2025-06-02 19:07:10,596 - automl_codegen.utils.monitoring - INFO - __init__:27 - TrainingMonitor initialized (stub implementation)
2025-06-02 19:07:10,599 - automl_codegen - INFO - None:0 - Initialized RL-based search with controller network
2025-06-02 19:07:10,599 - automl_codegen - INFO - None:0 - ArchitectureTrainer initialized for image_classification on cifar10
2025-06-02 19:07:10,599 - automl_codegen - INFO - None:0 - Using device: cuda
2025-06-02 19:07:10,599 - automl_codegen.evaluation.hardware - INFO - __init__:125 - Hardware profiler initialized for device: cuda
2025-06-02 19:07:10,599 - automl_codegen.search.nas - INFO - __init__:176 - Initialized NAS for image_classification on cifar10
2025-06-02 19:07:10,600 - automl_codegen.search.nas - INFO - __init__:177 - Objectives: ['accuracy', 'latency']
2025-06-02 19:07:10,600 - automl_codegen.search.nas - INFO - __init__:178 - Algorithm: reinforcement
2025-06-02 19:07:10,600 - automl_codegen.search.nas - INFO - __init__:179 - Hardware target: gpu
2025-06-02 19:07:10,602 - automl_codegen.evaluation.trainer - INFO - __init__:44 - ArchitectureTrainer initialized for None on None
2025-06-02 19:07:10,602 - automl_codegen.evaluation.trainer - INFO - __init__:45 - Using device: cuda
2025-06-02 19:07:10,604 - automl_codegen - INFO - None:0 - Logger initialized: automl_codegen
2025-06-02 19:07:10,604 - automl_codegen.utils.monitoring - INFO - __init__:27 - TrainingMonitor initialized (stub implementation)
2025-06-02 19:07:10,604 - automl_codegen - INFO - None:0 - Initialized evolutionary search algorithm
2025-06-02 19:07:10,604 - automl_codegen - INFO - None:0 - Population size: 50
2025-06-02 19:07:10,604 - automl_codegen - INFO - None:0 - Mutation rate: 0.1
2025-06-02 19:07:10,604 - automl_codegen - INFO - None:0 - Crossover rate: 0.8
2025-06-02 19:07:10,605 - automl_codegen - INFO - None:0 - ArchitectureTrainer initialized for image_classification on cifar10
2025-06-02 19:07:10,605 - automl_codegen - INFO - None:0 - Using device: cuda
2025-06-02 19:07:10,605 - automl_codegen.evaluation.hardware - INFO - __init__:125 - Hardware profiler initialized for device: cuda
2025-06-02 19:07:10,605 - automl_codegen.search.nas - INFO - __init__:176 - Initialized NAS for image_classification on cifar10
2025-06-02 19:07:10,605 - automl_codegen.search.nas - INFO - __init__:177 - Objectives: ['accuracy', 'latency']
2025-06-02 19:07:10,605 - automl_codegen.search.nas - INFO - __init__:178 - Algorithm: evolutionary
2025-06-02 19:07:10,606 - automl_codegen.search.nas - INFO - __init__:179 - Hardware target: gpu
2025-06-02 19:07:10,606 - automl_codegen.codegen.generators.pytorch_gen - INFO - __init__:32 - PyTorch generator initialized (optimization: 2)
2025-06-02 19:07:10,606 - automl_codegen.codegen.generator - INFO - __init__:143 - Initialized code generator for pytorch
2025-06-02 19:07:10,606 - automl_codegen.codegen.generator - INFO - __init__:144 - Optimization level: 2
2025-06-02 19:07:10,607 - automl_codegen.codegen.generator - INFO - generate:234 - Generating pytorch code for architecture
2025-06-02 19:07:10,607 - automl_codegen.codegen.generators.pytorch_gen - INFO - generate_model:44 - Generating PyTorch model code
2025-06-02 19:07:10,607 - automl_codegen.codegen.generators.pytorch_gen - INFO - generate_model:68 - PyTorch code generation completed
2025-06-02 19:07:10,830 - automl_codegen.codegen.generator - INFO - generate:302 - Code generation completed successfully
2025-06-02 19:48:19,381 - automl_codegen - INFO - None:0 - Logger initialized: automl_codegen
2025-06-02 19:48:19,382 - automl_codegen.utils.monitoring - INFO - __init__:27 - TrainingMonitor initialized (stub implementation)
2025-06-02 19:48:19,382 - automl_codegen - INFO - None:0 - Initialized evolutionary search algorithm
2025-06-02 19:48:19,382 - automl_codegen - INFO - None:0 - Population size: 50
2025-06-02 19:48:19,382 - automl_codegen - INFO - None:0 - Mutation rate: 0.1
2025-06-02 19:48:19,382 - automl_codegen - INFO - None:0 - Crossover rate: 0.8
2025-06-02 19:48:19,382 - automl_codegen - INFO - None:0 - ArchitectureTrainer initialized for image_classification on cifar10
2025-06-02 19:48:19,382 - automl_codegen - INFO - None:0 - Using device: cuda
2025-06-02 19:48:19,382 - automl_codegen.evaluation.hardware - INFO - __init__:125 - Hardware profiler initialized for device: cuda
2025-06-02 19:48:19,383 - automl_codegen.search.nas - INFO - __init__:176 - Initialized NAS for image_classification on cifar10
2025-06-02 19:48:19,383 - automl_codegen.search.nas - INFO - __init__:177 - Objectives: ['accuracy', 'latency']
2025-06-02 19:48:19,383 - automl_codegen.search.nas - INFO - __init__:178 - Algorithm: evolutionary
2025-06-02 19:48:19,383 - automl_codegen.search.nas - INFO - __init__:179 - Hardware target: gpu
2025-06-02 19:48:19,384 - automl_codegen - INFO - None:0 - Logger initialized: automl_codegen
2025-06-02 19:48:19,384 - automl_codegen.utils.monitoring - INFO - __init__:27 - TrainingMonitor initialized (stub implementation)
2025-06-02 19:48:19,458 - automl_codegen - INFO - None:0 - Initialized DARTS with 8 cells, 4 nodes
2025-06-02 19:48:19,458 - automl_codegen - INFO - None:0 - ArchitectureTrainer initialized for image_classification on cifar10
2025-06-02 19:48:19,458 - automl_codegen - INFO - None:0 - Using device: cuda
2025-06-02 19:48:19,459 - automl_codegen.evaluation.hardware - INFO - __init__:125 - Hardware profiler initialized for device: cuda
2025-06-02 19:48:19,459 - automl_codegen.search.nas - INFO - __init__:176 - Initialized NAS for image_classification on cifar10
2025-06-02 19:48:19,459 - automl_codegen.search.nas - INFO - __init__:177 - Objectives: ['accuracy', 'latency']
2025-06-02 19:48:19,459 - automl_codegen.search.nas - INFO - __init__:178 - Algorithm: darts
2025-06-02 19:48:19,459 - automl_codegen.search.nas - INFO - __init__:179 - Hardware target: gpu
2025-06-02 19:48:19,460 - automl_codegen - INFO - None:0 - Logger initialized: automl_codegen
2025-06-02 19:48:19,460 - automl_codegen.utils.monitoring - INFO - __init__:27 - TrainingMonitor initialized (stub implementation)
2025-06-02 19:48:19,464 - automl_codegen - INFO - None:0 - Initialized RL-based search with controller network
2025-06-02 19:48:19,464 - automl_codegen - INFO - None:0 - ArchitectureTrainer initialized for image_classification on cifar10
2025-06-02 19:48:19,464 - automl_codegen - INFO - None:0 - Using device: cuda
2025-06-02 19:48:19,464 - automl_codegen.evaluation.hardware - INFO - __init__:125 - Hardware profiler initialized for device: cuda
2025-06-02 19:48:19,464 - automl_codegen.search.nas - INFO - __init__:176 - Initialized NAS for image_classification on cifar10
2025-06-02 19:48:19,465 - automl_codegen.search.nas - INFO - __init__:177 - Objectives: ['accuracy', 'latency']
2025-06-02 19:48:19,465 - automl_codegen.search.nas - INFO - __init__:178 - Algorithm: reinforcement
2025-06-02 19:48:19,465 - automl_codegen.search.nas - INFO - __init__:179 - Hardware target: gpu
2025-06-02 19:48:19,467 - automl_codegen.evaluation.trainer - INFO - __init__:44 - ArchitectureTrainer initialized for None on None
2025-06-02 19:48:19,467 - automl_codegen.evaluation.trainer - INFO - __init__:45 - Using device: cuda
2025-06-02 19:48:19,468 - automl_codegen - INFO - None:0 - Logger initialized: automl_codegen
2025-06-02 19:48:19,468 - automl_codegen.utils.monitoring - INFO - __init__:27 - TrainingMonitor initialized (stub implementation)
2025-06-02 19:48:19,468 - automl_codegen - INFO - None:0 - Initialized evolutionary search algorithm
2025-06-02 19:48:19,468 - automl_codegen - INFO - None:0 - Population size: 50
2025-06-02 19:48:19,468 - automl_codegen - INFO - None:0 - Mutation rate: 0.1
2025-06-02 19:48:19,469 - automl_codegen - INFO - None:0 - Crossover rate: 0.8
2025-06-02 19:48:19,469 - automl_codegen - INFO - None:0 - ArchitectureTrainer initialized for image_classification on cifar10
2025-06-02 19:48:19,469 - automl_codegen - INFO - None:0 - Using device: cuda
2025-06-02 19:48:19,469 - automl_codegen.evaluation.hardware - INFO - __init__:125 - Hardware profiler initialized for device: cuda
2025-06-02 19:48:19,469 - automl_codegen.search.nas - INFO - __init__:176 - Initialized NAS for image_classification on cifar10
2025-06-02 19:48:19,469 - automl_codegen.search.nas - INFO - __init__:177 - Objectives: ['accuracy', 'latency']
2025-06-02 19:48:19,469 - automl_codegen.search.nas - INFO - __init__:178 - Algorithm: evolutionary
2025-06-02 19:48:19,469 - automl_codegen.search.nas - INFO - __init__:179 - Hardware target: gpu
2025-06-02 19:48:19,470 - automl_codegen.codegen.generators.pytorch_gen - INFO - __init__:32 - PyTorch generator initialized (optimization: 2)
2025-06-02 19:48:19,470 - automl_codegen.codegen.generator - INFO - __init__:143 - Initialized code generator for pytorch
2025-06-02 19:48:19,470 - automl_codegen.codegen.generator - INFO - __init__:144 - Optimization level: 2
2025-06-02 19:48:19,470 - automl_codegen.codegen.generator - INFO - generate:234 - Generating pytorch code for architecture
2025-06-02 19:48:19,470 - automl_codegen.codegen.generators.pytorch_gen - INFO - generate_model:44 - Generating PyTorch model code
2025-06-02 19:48:19,470 - automl_codegen.codegen.generators.pytorch_gen - INFO - generate_model:68 - PyTorch code generation completed
2025-06-02 19:48:19,648 - automl_codegen.codegen.generator - INFO - generate:302 - Code generation completed successfully
2025-06-02 19:48:26,792 - automl_codegen - INFO - None:0 - Logger initialized: automl_codegen
2025-06-02 19:48:26,793 - automl_codegen.utils.monitoring - INFO - __init__:27 - TrainingMonitor initialized (stub implementation)
2025-06-02 19:48:26,793 - automl_codegen - INFO - None:0 - Initialized evolutionary search algorithm
2025-06-02 19:48:26,793 - automl_codegen - INFO - None:0 - Population size: 50
2025-06-02 19:48:26,793 - automl_codegen - INFO - None:0 - Mutation rate: 0.1
2025-06-02 19:48:26,793 - automl_codegen - INFO - None:0 - Crossover rate: 0.8
2025-06-02 19:48:26,927 - automl_codegen - INFO - None:0 - ArchitectureTrainer initialized for image_classification on cifar10
2025-06-02 19:48:26,927 - automl_codegen - INFO - None:0 - Using device: cuda
2025-06-02 19:48:26,936 - automl_codegen.evaluation.hardware - INFO - __init__:125 - Hardware profiler initialized for device: cuda
2025-06-02 19:48:26,936 - automl_codegen.search.nas - INFO - __init__:176 - Initialized NAS for image_classification on cifar10
2025-06-02 19:48:26,936 - automl_codegen.search.nas - INFO - __init__:177 - Objectives: ['accuracy', 'latency']
2025-06-02 19:48:26,937 - automl_codegen.search.nas - INFO - __init__:178 - Algorithm: evolutionary
2025-06-02 19:48:26,937 - automl_codegen.search.nas - INFO - __init__:179 - Hardware target: gpu
2025-06-02 19:48:26,938 - automl_codegen.codegen.generators.pytorch_gen - INFO - __init__:32 - PyTorch generator initialized (optimization: 2)
2025-06-02 19:48:26,938 - automl_codegen.codegen.generator - INFO - __init__:143 - Initialized code generator for pytorch
2025-06-02 19:48:26,938 - automl_codegen.codegen.generator - INFO - __init__:144 - Optimization level: 2
2025-06-02 19:52:11,649 - automl_codegen - INFO - None:0 - Logger initialized: automl_codegen
2025-06-02 19:52:11,649 - automl_codegen.utils.monitoring - INFO - __init__:27 - TrainingMonitor initialized (stub implementation)
2025-06-02 19:52:11,649 - automl_codegen - INFO - None:0 - Initialized evolutionary search algorithm
2025-06-02 19:52:11,649 - automl_codegen - INFO - None:0 - Population size: 50
2025-06-02 19:52:11,649 - automl_codegen - INFO - None:0 - Mutation rate: 0.1
2025-06-02 19:52:11,649 - automl_codegen - INFO - None:0 - Crossover rate: 0.8
2025-06-02 19:52:11,650 - automl_codegen - INFO - None:0 - ArchitectureTrainer initialized for image_classification on cifar10
2025-06-02 19:52:11,650 - automl_codegen - INFO - None:0 - Using device: cuda
2025-06-02 19:52:11,650 - automl_codegen.evaluation.hardware - INFO - __init__:125 - Hardware profiler initialized for device: cuda
2025-06-02 19:52:11,650 - automl_codegen.search.nas - INFO - __init__:176 - Initialized NAS for image_classification on cifar10
2025-06-02 19:52:11,650 - automl_codegen.search.nas - INFO - __init__:177 - Objectives: ['accuracy', 'latency']
2025-06-02 19:52:11,650 - automl_codegen.search.nas - INFO - __init__:178 - Algorithm: evolutionary
2025-06-02 19:52:11,650 - automl_codegen.search.nas - INFO - __init__:179 - Hardware target: gpu
2025-06-02 19:52:11,650 - automl_codegen - INFO - None:0 - Logger initialized: automl_codegen
2025-06-02 19:52:11,651 - automl_codegen.utils.monitoring - INFO - __init__:27 - TrainingMonitor initialized (stub implementation)
2025-06-02 19:52:11,721 - automl_codegen - INFO - None:0 - Initialized DARTS with 8 cells, 4 nodes
2025-06-02 19:52:11,721 - automl_codegen - INFO - None:0 - ArchitectureTrainer initialized for image_classification on cifar10
2025-06-02 19:52:11,721 - automl_codegen - INFO - None:0 - Using device: cuda
2025-06-02 19:52:11,721 - automl_codegen.evaluation.hardware - INFO - __init__:125 - Hardware profiler initialized for device: cuda
2025-06-02 19:52:11,721 - automl_codegen.search.nas - INFO - __init__:176 - Initialized NAS for image_classification on cifar10
2025-06-02 19:52:11,722 - automl_codegen.search.nas - INFO - __init__:177 - Objectives: ['accuracy', 'latency']
2025-06-02 19:52:11,722 - automl_codegen.search.nas - INFO - __init__:178 - Algorithm: darts
2025-06-02 19:52:11,722 - automl_codegen.search.nas - INFO - __init__:179 - Hardware target: gpu
2025-06-02 19:52:11,723 - automl_codegen - INFO - None:0 - Logger initialized: automl_codegen
2025-06-02 19:52:11,723 - automl_codegen.utils.monitoring - INFO - __init__:27 - TrainingMonitor initialized (stub implementation)
2025-06-02 19:52:11,724 - automl_codegen - INFO - None:0 - Initialized RL-based search with controller network
2025-06-02 19:52:11,725 - automl_codegen - INFO - None:0 - ArchitectureTrainer initialized for image_classification on cifar10
2025-06-02 19:52:11,725 - automl_codegen - INFO - None:0 - Using device: cuda
2025-06-02 19:52:11,725 - automl_codegen.evaluation.hardware - INFO - __init__:125 - Hardware profiler initialized for device: cuda
2025-06-02 19:52:11,725 - automl_codegen.search.nas - INFO - __init__:176 - Initialized NAS for image_classification on cifar10
2025-06-02 19:52:11,725 - automl_codegen.search.nas - INFO - __init__:177 - Objectives: ['accuracy', 'latency']
2025-06-02 19:52:11,725 - automl_codegen.search.nas - INFO - __init__:178 - Algorithm: reinforcement
2025-06-02 19:52:11,725 - automl_codegen.search.nas - INFO - __init__:179 - Hardware target: gpu
2025-06-02 19:52:11,727 - automl_codegen.evaluation.trainer - INFO - __init__:44 - ArchitectureTrainer initialized for None on None
2025-06-02 19:52:11,728 - automl_codegen.evaluation.trainer - INFO - __init__:45 - Using device: cuda
2025-06-02 19:52:11,728 - automl_codegen - INFO - None:0 - Logger initialized: automl_codegen
2025-06-02 19:52:11,729 - automl_codegen.utils.monitoring - INFO - __init__:27 - TrainingMonitor initialized (stub implementation)
2025-06-02 19:52:11,729 - automl_codegen - INFO - None:0 - Initialized evolutionary search algorithm
2025-06-02 19:52:11,729 - automl_codegen - INFO - None:0 - Population size: 50
2025-06-02 19:52:11,729 - automl_codegen - INFO - None:0 - Mutation rate: 0.1
2025-06-02 19:52:11,729 - automl_codegen - INFO - None:0 - Crossover rate: 0.8
2025-06-02 19:52:11,729 - automl_codegen - INFO - None:0 - ArchitectureTrainer initialized for image_classification on cifar10
2025-06-02 19:52:11,729 - automl_codegen - INFO - None:0 - Using device: cuda
2025-06-02 19:52:11,729 - automl_codegen.evaluation.hardware - INFO - __init__:125 - Hardware profiler initialized for device: cuda
2025-06-02 19:52:11,730 - automl_codegen.search.nas - INFO - __init__:176 - Initialized NAS for image_classification on cifar10
2025-06-02 19:52:11,730 - automl_codegen.search.nas - INFO - __init__:177 - Objectives: ['accuracy', 'latency']
2025-06-02 19:52:11,730 - automl_codegen.search.nas - INFO - __init__:178 - Algorithm: evolutionary
2025-06-02 19:52:11,730 - automl_codegen.search.nas - INFO - __init__:179 - Hardware target: gpu
2025-06-02 19:52:11,730 - automl_codegen.codegen.generators.pytorch_gen - INFO - __init__:32 - PyTorch generator initialized (optimization: 2)
2025-06-02 19:52:11,731 - automl_codegen.codegen.generator - INFO - __init__:143 - Initialized code generator for pytorch
2025-06-02 19:52:11,731 - automl_codegen.codegen.generator - INFO - __init__:144 - Optimization level: 2
2025-06-02 19:52:11,731 - automl_codegen.codegen.generator - INFO - generate:234 - Generating pytorch code for architecture
2025-06-02 19:52:11,731 - automl_codegen.codegen.generators.pytorch_gen - INFO - generate_model:44 - Generating PyTorch model code
2025-06-02 19:52:11,731 - automl_codegen.codegen.generators.pytorch_gen - INFO - generate_model:68 - PyTorch code generation completed
2025-06-02 19:52:11,758 - automl_codegen.codegen.generator - INFO - generate:302 - Code generation completed successfully
